Using pre-set license
Built from '2020.3/staging' branch; Version is '2020.3.23f1 (c5d91304a876) revision 12966163'; Using compiler version '192528614'; Build Type 'Release'
OS: 'Windows 10 Pro; OS build 22621.1555; Version 2009; 64bit' Language: 'tr' Physical Memory: 8078 MB
BatchMode: 1, IsHumanControllingUs: 0, StartBugReporterOnCrash: 0, Is64bit: 1, IsPro: 0

COMMAND LINE ARGUMENTS:
C:\Program Files\Unity\Hub\Editor\2020.3.23f1\Editor\Unity.exe
-adb2
-batchMode
-noUpm
-name
AssetImportWorker0
-projectPath
C:/Users/sedan/OneDrive/Masaüstü/Cut The Rope
-logFile
Logs/AssetImportWorker0.log
-srvPort
61138
Successfully changed project path to: C:/Users/sedan/OneDrive/Masaüstü/Cut The Rope
C:/Users/sedan/OneDrive/Masaüstü/Cut The Rope
Using Asset Import Pipeline V2.
Refreshing native plugins compatible for Editor in 117.11 ms, found 3 plugins.
Preloading 0 native plugins for Editor in 0.00 ms.
Initialize engine version: 2020.3.23f1 (c5d91304a876)
[Subsystems] Discovering subsystems at path C:/Program Files/Unity/Hub/Editor/2020.3.23f1/Editor/Data/Resources/UnitySubsystems
[Subsystems] Discovering subsystems at path C:/Users/sedan/OneDrive/Masaüstü/Cut The Rope/Assets
GfxDevice: creating device client; threaded=0
Direct3D:
    Version:  Direct3D 11.0 [level 11.0]
    Renderer: NVIDIA GeForce MX110 (ID=0x174e)
    Vendor:   
    VRAM:     2008 MB
    Driver:   31.0.15.2656
Initialize mono
Mono path[0] = 'C:/Program Files/Unity/Hub/Editor/2020.3.23f1/Editor/Data/Managed'
Mono path[1] = 'C:/Program Files/Unity/Hub/Editor/2020.3.23f1/Editor/Data/MonoBleedingEdge/lib/mono/unityjit'
Mono config path = 'C:/Program Files/Unity/Hub/Editor/2020.3.23f1/Editor/Data/MonoBleedingEdge/etc'
Using monoOptions --debugger-agent=transport=dt_socket,embedding=1,server=y,suspend=n,address=127.0.0.1:56768
Begin MonoManager ReloadAssembly
Registering precompiled unity dll's ...
Register platform support module: C:/Program Files/Unity/Hub/Editor/2020.3.23f1/Editor/Data/PlaybackEngines/WebGLSupport/UnityEditor.WebGL.Extensions.dll
Register platform support module: C:/Program Files/Unity/Hub/Editor/2020.3.23f1/Editor/Data/PlaybackEngines/WindowsStandaloneSupport/UnityEditor.WindowsStandalone.Extensions.dll
Registered in 0.003520 seconds.
Native extension for WindowsStandalone target not found
Native extension for WebGL target not found
Refreshing native plugins compatible for Editor in 111.73 ms, found 3 plugins.
Preloading 0 native plugins for Editor in 0.00 ms.
Mono: successfully reloaded assembly
- Completed reload, in  1.712 seconds
Domain Reload Profiling:
	ReloadAssembly (1713ms)
		BeginReloadAssembly (139ms)
			ExecutionOrderSort (0ms)
			DisableScriptedObjects (0ms)
			BackupInstance (0ms)
			ReleaseScriptingObjects (0ms)
			CreateAndSetChildDomain (2ms)
		EndReloadAssembly (1391ms)
			LoadAssemblies (136ms)
			RebuildTransferFunctionScriptingTraits (0ms)
			SetupTypeCache (446ms)
			ReleaseScriptCaches (0ms)
			RebuildScriptCaches (100ms)
			SetupLoadedEditorAssemblies (489ms)
				LogAssemblyErrors (0ms)
				InitializePlatformSupportModulesInManaged (12ms)
				SetLoadedEditorAssemblies (1ms)
				RefreshPlugins (112ms)
				BeforeProcessingInitializeOnLoad (19ms)
				ProcessInitializeOnLoadAttributes (246ms)
				ProcessInitializeOnLoadMethodAttributes (99ms)
				AfterProcessingInitializeOnLoad (0ms)
				EditorAssembliesLoaded (1ms)
			ExecutionOrderSort2 (0ms)
			AwakeInstancesAfterBackupRestoration (0ms)
Platform modules already initialized, skipping
Registering precompiled user dll's ...
Registered in 0.523155 seconds.
Begin MonoManager ReloadAssembly
Native extension for WindowsStandalone target not found
Native extension for WebGL target not found
Refreshing native plugins compatible for Editor in 113.61 ms, found 3 plugins.
Preloading 0 native plugins for Editor in 0.00 ms.
Mono: successfully reloaded assembly
- Completed reload, in  2.798 seconds
Domain Reload Profiling:
	ReloadAssembly (2800ms)
		BeginReloadAssembly (359ms)
			ExecutionOrderSort (0ms)
			DisableScriptedObjects (11ms)
			BackupInstance (0ms)
			ReleaseScriptingObjects (0ms)
			CreateAndSetChildDomain (39ms)
		EndReloadAssembly (2284ms)
			LoadAssemblies (248ms)
			RebuildTransferFunctionScriptingTraits (0ms)
			SetupTypeCache (750ms)
			ReleaseScriptCaches (1ms)
			RebuildScriptCaches (132ms)
			SetupLoadedEditorAssemblies (849ms)
				LogAssemblyErrors (0ms)
				InitializePlatformSupportModulesInManaged (10ms)
				SetLoadedEditorAssemblies (0ms)
				RefreshPlugins (114ms)
				BeforeProcessingInitializeOnLoad (155ms)
				ProcessInitializeOnLoadAttributes (520ms)
				ProcessInitializeOnLoadMethodAttributes (38ms)
				AfterProcessingInitializeOnLoad (11ms)
				EditorAssembliesLoaded (0ms)
			ExecutionOrderSort2 (0ms)
			AwakeInstancesAfterBackupRestoration (16ms)
Platform modules already initialized, skipping
========================================================================
Worker process is ready to serve import requests
Launched and connected shader compiler UnityShaderCompiler.exe after 0.10 seconds
Refreshing native plugins compatible for Editor in 1.50 ms, found 3 plugins.
Preloading 0 native plugins for Editor in 0.00 ms.
Unloading 2194 Unused Serialized files (Serialized files now loaded: 0)
System memory in use before: 95.8 MB.
System memory in use after: 95.9 MB.

Unloading 28 unused Assets to reduce memory usage. Loaded Objects now: 2627.
Total: 10.385600 ms (FindLiveObjects: 0.610500 ms CreateObjectMapping: 0.382200 ms MarkObjects: 9.217500 ms  DeleteObjects: 0.171900 ms)

AssetImportParameters requested are different than current active one (requested -> active):
  custom:framework-win-MediaFoundation: 216162199b28c13a410421893ffa2e32 -> 
  custom:video-decoder-ogg-theora: a1e56fd34408186e4bbccfd4996cb3dc -> 
  custom:container-muxer-webm: aa71ff27fc2769a1b78a27578f13a17b -> 
  custom:container-demuxer-webm: 4f35f7cbe854078d1ac9338744f61a02 -> 
  custom:container-demuxer-ogg: 62fdf1f143b41e24485cea50d1cbac27 -> 
  custom:video-encoder-webm-vp8: eb34c28f22e8b96e1ab97ce403110664 -> 
  custom:video-decoder-webm-vp8: 9c59270c3fd7afecdb556c50c9e8de78 -> 
  custom:audio-decoder-ogg-vorbis: bf7c407c2cedff20999df2af8eb42d56 -> 
  custom:audio-encoder-webm-vorbis: bf7c407c2cedff20999df2af8eb42d56 -> 
========================================================================
Received Import Request.
  path: Assets/Scenes/Level3.unity
  artifactKey: Guid(c043d15b9d8ec2a488f9d40fa88c5599) Importer(815301076,1909f56bfc062723c751e8b465ee728b)
Start importing Assets/Scenes/Level3.unity using Guid(c043d15b9d8ec2a488f9d40fa88c5599) Importer(815301076,1909f56bfc062723c751e8b465ee728b)  -> (artifact id: 'fc9ef6c937067284a37f741dce588677') in 0.507441 seconds 
  Import took 0.536456 seconds .

========================================================================
Received Import Request.
  Time since last request: 24.979678 seconds.
  path: Assets/Scenes/Level4.unity
  artifactKey: Guid(71fbd3c6dc4545143ad1672ce216a289) Importer(815301076,1909f56bfc062723c751e8b465ee728b)
Start importing Assets/Scenes/Level4.unity using Guid(71fbd3c6dc4545143ad1672ce216a289) Importer(815301076,1909f56bfc062723c751e8b465ee728b)  -> (artifact id: '033aca8bcd2f09fbb2c04c310b556822') in 0.015674 seconds 
  Import took 0.024878 seconds .

========================================================================
Received Import Request.
  Time since last request: 7.019678 seconds.
  path: Assets/Scenes/Level4.unity
  artifactKey: Guid(71fbd3c6dc4545143ad1672ce216a289) Importer(815301076,1909f56bfc062723c751e8b465ee728b)
Start importing Assets/Scenes/Level4.unity using Guid(71fbd3c6dc4545143ad1672ce216a289) Importer(815301076,1909f56bfc062723c751e8b465ee728b)  -> (artifact id: 'd7794ae7a36f1b471bd14b0eec055015') in 0.004911 seconds 
  Import took 0.017800 seconds .

========================================================================
Received Import Request.
  Time since last request: 1.259531 seconds.
  path: Assets/Scenes/Level3.unity
  artifactKey: Guid(c043d15b9d8ec2a488f9d40fa88c5599) Importer(815301076,1909f56bfc062723c751e8b465ee728b)
Start importing Assets/Scenes/Level3.unity using Guid(c043d15b9d8ec2a488f9d40fa88c5599) Importer(815301076,1909f56bfc062723c751e8b465ee728b)  -> (artifact id: '3ccf4e489d9d406fa6e6574a61b53cb8') in 0.011027 seconds 
  Import took 0.040912 seconds .

========================================================================
Received Import Request.
  Time since last request: 10.538180 seconds.
  path: Assets/Scenes/Level1 1.unity
  artifactKey: Guid(2e99b6dbacc109a47ab50f4e1b537126) Importer(815301076,1909f56bfc062723c751e8b465ee728b)
Start importing Assets/Scenes/Level1 1.unity using Guid(2e99b6dbacc109a47ab50f4e1b537126) Importer(815301076,1909f56bfc062723c751e8b465ee728b)  -> (artifact id: 'ab565e64cdb3514d671d357413ab74da') in 0.020971 seconds 
  Import took 0.041036 seconds .

========================================================================
Received Import Request.
  Time since last request: 7.415367 seconds.
  path: Assets/Scenes/Level5.unity
  artifactKey: Guid(2e99b6dbacc109a47ab50f4e1b537126) Importer(815301076,1909f56bfc062723c751e8b465ee728b)
Start importing Assets/Scenes/Level5.unity using Guid(2e99b6dbacc109a47ab50f4e1b537126) Importer(815301076,1909f56bfc062723c751e8b465ee728b)  -> (artifact id: '6051362cb2dbb8850688c19989f979a8') in 0.028149 seconds 
  Import took 0.038992 seconds .

========================================================================
Received Import Request.
  Time since last request: 621.938507 seconds.
  path: Assets/Sprites/Cookie Monster.png
  artifactKey: Guid(df2e88310e3141746a8986862b0e6683) Importer(815301076,1909f56bfc062723c751e8b465ee728b)
Start importing Assets/Sprites/Cookie Monster.png using Guid(df2e88310e3141746a8986862b0e6683) Importer(815301076,1909f56bfc062723c751e8b465ee728b)  -> (artifact id: '6f7e84f1b0d705bfda9916b06e55ab3d') in 0.422939 seconds 
  Import took 0.433257 seconds .

========================================================================
Received Import Request.
  Time since last request: 63.192431 seconds.
  path: Assets/Scenes/Level4.unity
  artifactKey: Guid(71fbd3c6dc4545143ad1672ce216a289) Importer(815301076,1909f56bfc062723c751e8b465ee728b)
Start importing Assets/Scenes/Level4.unity using Guid(71fbd3c6dc4545143ad1672ce216a289) Importer(815301076,1909f56bfc062723c751e8b465ee728b)  -> (artifact id: 'd9724ff204a004c6e4f2519d9dd13535') in 0.023666 seconds 
  Import took 0.033536 seconds .

========================================================================
Received Import Request.
  Time since last request: 6.873653 seconds.
  path: Assets/Scenes/Level5.unity
  artifactKey: Guid(2e99b6dbacc109a47ab50f4e1b537126) Importer(815301076,1909f56bfc062723c751e8b465ee728b)
Start importing Assets/Scenes/Level5.unity using Guid(2e99b6dbacc109a47ab50f4e1b537126) Importer(815301076,1909f56bfc062723c751e8b465ee728b)  -> (artifact id: '80a4894c3e6563ca89f6802c41d30fe2') in 0.016004 seconds 
  Import took 0.024525 seconds .

========================================================================
Received Import Request.
  Time since last request: 143.803472 seconds.
  path: Assets/Sprites/gameover.png
  artifactKey: Guid(6cdaf303702bdd849bfef9f636fa94a4) Importer(815301076,1909f56bfc062723c751e8b465ee728b)
Start importing Assets/Sprites/gameover.png using Guid(6cdaf303702bdd849bfef9f636fa94a4) Importer(815301076,1909f56bfc062723c751e8b465ee728b)  -> (artifact id: '8467fcfb48a644a95a7d8e52bf4fc39a') in 0.060404 seconds 
  Import took 0.074896 seconds .

========================================================================
Received Prepare
Registering precompiled user dll's ...
Registered in 0.448751 seconds.
Begin MonoManager ReloadAssembly
Native extension for WindowsStandalone target not found
Native extension for WebGL target not found
Refreshing native plugins compatible for Editor in 1.10 ms, found 3 plugins.
Preloading 0 native plugins for Editor in 0.00 ms.
Mono: successfully reloaded assembly
- Completed reload, in  4.095 seconds
Domain Reload Profiling:
	ReloadAssembly (4096ms)
		BeginReloadAssembly (426ms)
			ExecutionOrderSort (0ms)
			DisableScriptedObjects (28ms)
			BackupInstance (0ms)
			ReleaseScriptingObjects (0ms)
			CreateAndSetChildDomain (134ms)
		EndReloadAssembly (3430ms)
			LoadAssemblies (406ms)
			RebuildTransferFunctionScriptingTraits (0ms)
			SetupTypeCache (1345ms)
			ReleaseScriptCaches (3ms)
			RebuildScriptCaches (170ms)
			SetupLoadedEditorAssemblies (1134ms)
				LogAssemblyErrors (0ms)
				InitializePlatformSupportModulesInManaged (18ms)
				SetLoadedEditorAssemblies (2ms)
				RefreshPlugins (1ms)
				BeforeProcessingInitializeOnLoad (232ms)
				ProcessInitializeOnLoadAttributes (820ms)
				ProcessInitializeOnLoadMethodAttributes (44ms)
				AfterProcessingInitializeOnLoad (15ms)
				EditorAssembliesLoaded (1ms)
			ExecutionOrderSort2 (0ms)
			AwakeInstancesAfterBackupRestoration (37ms)
Platform modules already initialized, skipping
Refreshing native plugins compatible for Editor in 0.88 ms, found 3 plugins.
Preloading 0 native plugins for Editor in 0.00 ms.
Unloading 2183 Unused Serialized files (Serialized files now loaded: 0)
System memory in use before: 98.1 MB.
System memory in use after: 98.2 MB.

Unloading 17 unused Assets to reduce memory usage. Loaded Objects now: 2637.
Total: 7.057700 ms (FindLiveObjects: 0.592800 ms CreateObjectMapping: 0.219400 ms MarkObjects: 6.164300 ms  DeleteObjects: 0.077900 ms)

AssetImportParameters requested are different than current active one (requested -> active):
  custom:framework-win-MediaFoundation: 216162199b28c13a410421893ffa2e32 -> 
  custom:video-decoder-ogg-theora: a1e56fd34408186e4bbccfd4996cb3dc -> 
  custom:container-muxer-webm: aa71ff27fc2769a1b78a27578f13a17b -> 
  custom:container-demuxer-webm: 4f35f7cbe854078d1ac9338744f61a02 -> 
  custom:container-demuxer-ogg: 62fdf1f143b41e24485cea50d1cbac27 -> 
  custom:video-encoder-webm-vp8: eb34c28f22e8b96e1ab97ce403110664 -> 
  custom:video-decoder-webm-vp8: 9c59270c3fd7afecdb556c50c9e8de78 -> 
  custom:audio-decoder-ogg-vorbis: bf7c407c2cedff20999df2af8eb42d56 -> 
  custom:audio-encoder-webm-vorbis: bf7c407c2cedff20999df2af8eb42d56 -> 
========================================================================
Received Prepare
Registering precompiled user dll's ...
Registered in 4.786125 seconds.
Begin MonoManager ReloadAssembly
Native extension for WindowsStandalone target not found
Native extension for WebGL target not found
Refreshing native plugins compatible for Editor in 1.43 ms, found 3 plugins.
Preloading 0 native plugins for Editor in 0.00 ms.
Mono: successfully reloaded assembly
- Completed reload, in 22.375 seconds
Domain Reload Profiling:
	ReloadAssembly (22407ms)
		BeginReloadAssembly (770ms)
			ExecutionOrderSort (1ms)
			DisableScriptedObjects (105ms)
			BackupInstance (0ms)
			ReleaseScriptingObjects (1ms)
			CreateAndSetChildDomain (331ms)
		EndReloadAssembly (21420ms)
			LoadAssemblies (15242ms)
			RebuildTransferFunctionScriptingTraits (4ms)
			SetupTypeCache (1038ms)
			ReleaseScriptCaches (4ms)
			RebuildScriptCaches (233ms)
			SetupLoadedEditorAssemblies (4349ms)
				LogAssemblyErrors (0ms)
				InitializePlatformSupportModulesInManaged (38ms)
				SetLoadedEditorAssemblies (5ms)
				RefreshPlugins (2ms)
				BeforeProcessingInitializeOnLoad (277ms)
				ProcessInitializeOnLoadAttributes (994ms)
				ProcessInitializeOnLoadMethodAttributes (3016ms)
				AfterProcessingInitializeOnLoad (14ms)
				EditorAssembliesLoaded (3ms)
			ExecutionOrderSort2 (0ms)
			AwakeInstancesAfterBackupRestoration (23ms)
Platform modules already initialized, skipping
Refreshing native plugins compatible for Editor in 2.44 ms, found 3 plugins.
Preloading 0 native plugins for Editor in 0.00 ms.
Unloading 2183 Unused Serialized files (Serialized files now loaded: 0)
System memory in use before: 98.2 MB.
System memory in use after: 98.3 MB.

Unloading 17 unused Assets to reduce memory usage. Loaded Objects now: 2639.
Total: 18.480000 ms (FindLiveObjects: 0.695800 ms CreateObjectMapping: 0.269100 ms MarkObjects: 16.800600 ms  DeleteObjects: 0.710200 ms)

AssetImportParameters requested are different than current active one (requested -> active):
  custom:framework-win-MediaFoundation: 216162199b28c13a410421893ffa2e32 -> 
  custom:video-decoder-ogg-theora: a1e56fd34408186e4bbccfd4996cb3dc -> 
  custom:container-muxer-webm: aa71ff27fc2769a1b78a27578f13a17b -> 
  custom:container-demuxer-webm: 4f35f7cbe854078d1ac9338744f61a02 -> 
  custom:container-demuxer-ogg: 62fdf1f143b41e24485cea50d1cbac27 -> 
  custom:video-encoder-webm-vp8: eb34c28f22e8b96e1ab97ce403110664 -> 
  custom:video-decoder-webm-vp8: 9c59270c3fd7afecdb556c50c9e8de78 -> 
  custom:audio-decoder-ogg-vorbis: bf7c407c2cedff20999df2af8eb42d56 -> 
  custom:audio-encoder-webm-vorbis: bf7c407c2cedff20999df2af8eb42d56 -> 
